<?xml version="1.0" encoding="UTF-8"?>
<!-- Generated by org.testng.reporters.JUnitReportReporter -->
<testsuite hostname="DESKTOP-I59386F" failures="0" tests="1" name="demo.Test1" time="0.016" errors="0" timestamp="2022-09-02T17:38:25 IST" skipped="0">
  <testcase classname="demo.Test1" name="m1" time="0.016"/>
  <system-out/>
</testsuite> <!-- demo.Test1 -->
